[26-Jun-2018 07:12:04 UTC] PHP Parse error:  syntax error, unexpected ',' in /home/ubuntu/workspace/CST336/777/inc/functions.php on line 12
[26-Jun-2018 07:12:04 UTC] PHP Stack trace:
[26-Jun-2018 07:12:04 UTC] PHP   1. {main}() /home/ubuntu/workspace/CST336/777/index.php:0
[26-Jun-2018 07:14:55 UTC] PHP Warning:  Missing argument 2 for displaySymbol(), called in /home/ubuntu/workspace/CST336/777/inc/functions.php on line 6 and defined in /home/ubuntu/workspace/CST336/777/inc/functions.php on line 11
[26-Jun-2018 07:14:55 UTC] PHP Stack trace:
[26-Jun-2018 07:14:55 UTC] PHP   1. {main}() /home/ubuntu/workspace/CST336/777/index.php:0
[26-Jun-2018 07:14:55 UTC] PHP   2. play() /home/ubuntu/workspace/CST336/777/index.php:18
[26-Jun-2018 07:14:55 UTC] PHP   3. displaySymbol() /home/ubuntu/workspace/CST336/777/inc/functions.php:6
[26-Jun-2018 07:14:55 UTC] PHP Warning:  Missing argument 2 for displaySymbol(), called in /home/ubuntu/workspace/CST336/777/inc/functions.php on line 6 and defined in /home/ubuntu/workspace/CST336/777/inc/functions.php on line 11
[26-Jun-2018 07:14:55 UTC] PHP Stack trace:
[26-Jun-2018 07:14:55 UTC] PHP   1. {main}() /home/ubuntu/workspace/CST336/777/index.php:0
[26-Jun-2018 07:14:55 UTC] PHP   2. play() /home/ubuntu/workspace/CST336/777/index.php:18
[26-Jun-2018 07:14:55 UTC] PHP   3. displaySymbol() /home/ubuntu/workspace/CST336/777/inc/functions.php:6
[26-Jun-2018 07:14:55 UTC] PHP Warning:  Missing argument 2 for displaySymbol(), called in /home/ubuntu/workspace/CST336/777/inc/functions.php on line 6 and defined in /home/ubuntu/workspace/CST336/777/inc/functions.php on line 11
[26-Jun-2018 07:14:55 UTC] PHP Stack trace:
[26-Jun-2018 07:14:55 UTC] PHP   1. {main}() /home/ubuntu/workspace/CST336/777/index.php:0
[26-Jun-2018 07:14:55 UTC] PHP   2. play() /home/ubuntu/workspace/CST336/777/index.php:18
[26-Jun-2018 07:14:55 UTC] PHP   3. displaySymbol() /home/ubuntu/workspace/CST336/777/inc/functions.php:6
[26-Jun-2018 07:14:55 UTC] PHP Warning:  Missing argument 2 for displaySymbol(), called in /home/ubuntu/workspace/CST336/777/inc/functions.php on line 6 and defined in /home/ubuntu/workspace/CST336/777/inc/functions.php on line 11
[26-Jun-2018 07:14:55 UTC] PHP Stack trace:
[26-Jun-2018 07:14:55 UTC] PHP   1. {main}() /home/ubuntu/workspace/CST336/777/index.php:0
[26-Jun-2018 07:14:55 UTC] PHP   2. play() /home/ubuntu/workspace/CST336/777/index.php:18
[26-Jun-2018 07:14:55 UTC] PHP   3. displaySymbol() /home/ubuntu/workspace/CST336/777/inc/functions.php:6
[26-Jun-2018 07:35:49 UTC] PHP Fatal error:  Call to undefined function play() in /home/ubuntu/workspace/CST336/777/index.php on line 13
[26-Jun-2018 07:35:49 UTC] PHP Stack trace:
[26-Jun-2018 07:35:49 UTC] PHP   1. {main}() /home/ubuntu/workspace/CST336/777/index.php:0
[30-Jun-2018 06:15:45 UTC] PHP Warning:  Missing argument 2 for displayPoints(), called in /home/ubuntu/workspace/CST336/homework2/inc/functions.php on line 40 and defined in /home/ubuntu/workspace/CST336/homework2/inc/functions.php on line 57
[30-Jun-2018 06:15:45 UTC] PHP Stack trace:
[30-Jun-2018 06:15:45 UTC] PHP   1. {main}() /home/ubuntu/workspace/CST336/homework2/index.php:0
[30-Jun-2018 06:15:45 UTC] PHP   2. play() /home/ubuntu/workspace/CST336/homework2/index.php:23
[30-Jun-2018 06:15:45 UTC] PHP   3. displayPoints() /home/ubuntu/workspace/CST336/homework2/inc/functions.php:40
[30-Jun-2018 06:15:45 UTC] PHP Warning:  Missing argument 3 for displayPoints(), called in /home/ubuntu/workspace/CST336/homework2/inc/functions.php on line 40 and defined in /home/ubuntu/workspace/CST336/homework2/inc/functions.php on line 57
[30-Jun-2018 06:15:45 UTC] PHP Stack trace:
[30-Jun-2018 06:15:45 UTC] PHP   1. {main}() /home/ubuntu/workspace/CST336/homework2/index.php:0
[30-Jun-2018 06:15:45 UTC] PHP   2. play() /home/ubuntu/workspace/CST336/homework2/index.php:23
[30-Jun-2018 06:15:45 UTC] PHP   3. displayPoints() /home/ubuntu/workspace/CST336/homework2/inc/functions.php:40
[30-Jun-2018 06:15:46 UTC] PHP Warning:  Missing argument 2 for displayPoints(), called in /home/ubuntu/workspace/CST336/homework2/inc/functions.php on line 40 and defined in /home/ubuntu/workspace/CST336/homework2/inc/functions.php on line 57
[30-Jun-2018 06:15:46 UTC] PHP Stack trace:
[30-Jun-2018 06:15:46 UTC] PHP   1. {main}() /home/ubuntu/workspace/CST336/homework2/index.php:0
[30-Jun-2018 06:15:46 UTC] PHP   2. play() /home/ubuntu/workspace/CST336/homework2/index.php:23
[30-Jun-2018 06:15:46 UTC] PHP   3. displayPoints() /home/ubuntu/workspace/CST336/homework2/inc/functions.php:40
[30-Jun-2018 06:15:46 UTC] PHP Warning:  Missing argument 3 for displayPoints(), called in /home/ubuntu/workspace/CST336/homework2/inc/functions.php on line 40 and defined in /home/ubuntu/workspace/CST336/homework2/inc/functions.php on line 57
[30-Jun-2018 06:15:46 UTC] PHP Stack trace:
[30-Jun-2018 06:15:46 UTC] PHP   1. {main}() /home/ubuntu/workspace/CST336/homework2/index.php:0
[30-Jun-2018 06:15:46 UTC] PHP   2. play() /home/ubuntu/workspace/CST336/homework2/index.php:23
[30-Jun-2018 06:15:46 UTC] PHP   3. displayPoints() /home/ubuntu/workspace/CST336/homework2/inc/functions.php:40
[30-Jun-2018 06:15:48 UTC] PHP Warning:  Missing argument 2 for displayPoints(), called in /home/ubuntu/workspace/CST336/homework2/inc/functions.php on line 40 and defined in /home/ubuntu/workspace/CST336/homework2/inc/functions.php on line 57
[30-Jun-2018 06:15:48 UTC] PHP Stack trace:
[30-Jun-2018 06:15:48 UTC] PHP   1. {main}() /home/ubuntu/workspace/CST336/homework2/index.php:0
[30-Jun-2018 06:15:48 UTC] PHP   2. play() /home/ubuntu/workspace/CST336/homework2/index.php:23
[30-Jun-2018 06:15:48 UTC] PHP   3. displayPoints() /home/ubuntu/workspace/CST336/homework2/inc/functions.php:40
[30-Jun-2018 06:15:48 UTC] PHP Warning:  Missing argument 3 for displayPoints(), called in /home/ubuntu/workspace/CST336/homework2/inc/functions.php on line 40 and defined in /home/ubuntu/workspace/CST336/homework2/inc/functions.php on line 57
[30-Jun-2018 06:15:48 UTC] PHP Stack trace:
[30-Jun-2018 06:15:48 UTC] PHP   1. {main}() /home/ubuntu/workspace/CST336/homework2/index.php:0
[30-Jun-2018 06:15:48 UTC] PHP   2. play() /home/ubuntu/workspace/CST336/homework2/index.php:23
[30-Jun-2018 06:15:48 UTC] PHP   3. displayPoints() /home/ubuntu/workspace/CST336/homework2/inc/functions.php:40
[30-Jun-2018 06:15:48 UTC] PHP Warning:  Missing argument 2 for displayPoints(), called in /home/ubuntu/workspace/CST336/homework2/inc/functions.php on line 40 and defined in /home/ubuntu/workspace/CST336/homework2/inc/functions.php on line 57
[30-Jun-2018 06:15:48 UTC] PHP Stack trace:
[30-Jun-2018 06:15:48 UTC] PHP   1. {main}() /home/ubuntu/workspace/CST336/homework2/index.php:0
[30-Jun-2018 06:15:48 UTC] PHP   2. play() /home/ubuntu/workspace/CST336/homework2/index.php:23
[30-Jun-2018 06:15:48 UTC] PHP   3. displayPoints() /home/ubuntu/workspace/CST336/homework2/inc/functions.php:40
[30-Jun-2018 06:15:48 UTC] PHP Warning:  Missing argument 3 for displayPoints(), called in /home/ubuntu/workspace/CST336/homework2/inc/functions.php on line 40 and defined in /home/ubuntu/workspace/CST336/homework2/inc/functions.php on line 57
[30-Jun-2018 06:15:48 UTC] PHP Stack trace:
[30-Jun-2018 06:15:48 UTC] PHP   1. {main}() /home/ubuntu/workspace/CST336/homework2/index.php:0
[30-Jun-2018 06:15:48 UTC] PHP   2. play() /home/ubuntu/workspace/CST336/homework2/index.php:23
[30-Jun-2018 06:15:48 UTC] PHP   3. displayPoints() /home/ubuntu/workspace/CST336/homework2/inc/functions.php:40
[30-Jun-2018 06:15:49 UTC] PHP Warning:  Missing argument 2 for displayPoints(), called in /home/ubuntu/workspace/CST336/homework2/inc/functions.php on line 40 and defined in /home/ubuntu/workspace/CST336/homework2/inc/functions.php on line 57
[30-Jun-2018 06:15:49 UTC] PHP Stack trace:
[30-Jun-2018 06:15:49 UTC] PHP   1. {main}() /home/ubuntu/workspace/CST336/homework2/index.php:0
[30-Jun-2018 06:15:49 UTC] PHP   2. play() /home/ubuntu/workspace/CST336/homework2/index.php:23
[30-Jun-2018 06:15:49 UTC] PHP   3. displayPoints() /home/ubuntu/workspace/CST336/homework2/inc/functions.php:40
[30-Jun-2018 06:15:49 UTC] PHP Warning:  Missing argument 3 for displayPoints(), called in /home/ubuntu/workspace/CST336/homework2/inc/functions.php on line 40 and defined in /home/ubuntu/workspace/CST336/homework2/inc/functions.php on line 57
[30-Jun-2018 06:15:49 UTC] PHP Stack trace:
[30-Jun-2018 06:15:49 UTC] PHP   1. {main}() /home/ubuntu/workspace/CST336/homework2/index.php:0
[30-Jun-2018 06:15:49 UTC] PHP   2. play() /home/ubuntu/workspace/CST336/homework2/index.php:23
[30-Jun-2018 06:15:49 UTC] PHP   3. displayPoints() /home/ubuntu/workspace/CST336/homework2/inc/functions.php:40
[30-Jun-2018 06:15:50 UTC] PHP Warning:  Missing argument 2 for displayPoints(), called in /home/ubuntu/workspace/CST336/homework2/inc/functions.php on line 40 and defined in /home/ubuntu/workspace/CST336/homework2/inc/functions.php on line 57
[30-Jun-2018 06:15:50 UTC] PHP Stack trace:
[30-Jun-2018 06:15:50 UTC] PHP   1. {main}() /home/ubuntu/workspace/CST336/homework2/index.php:0
[30-Jun-2018 06:15:50 UTC] PHP   2. play() /home/ubuntu/workspace/CST336/homework2/index.php:23
[30-Jun-2018 06:15:50 UTC] PHP   3. displayPoints() /home/ubuntu/workspace/CST336/homework2/inc/functions.php:40
[30-Jun-2018 06:15:50 UTC] PHP Warning:  Missing argument 3 for displayPoints(), called in /home/ubuntu/workspace/CST336/homework2/inc/functions.php on line 40 and defined in /home/ubuntu/workspace/CST336/homework2/inc/functions.php on line 57
[30-Jun-2018 06:15:50 UTC] PHP Stack trace:
[30-Jun-2018 06:15:50 UTC] PHP   1. {main}() /home/ubuntu/workspace/CST336/homework2/index.php:0
[30-Jun-2018 06:15:50 UTC] PHP   2. play() /home/ubuntu/workspace/CST336/homework2/index.php:23
[30-Jun-2018 06:15:50 UTC] PHP   3. displayPoints() /home/ubuntu/workspace/CST336/homework2/inc/functions.php:40
[30-Jun-2018 06:15:50 UTC] PHP Warning:  Missing argument 2 for displayPoints(), called in /home/ubuntu/workspace/CST336/homework2/inc/functions.php on line 40 and defined in /home/ubuntu/workspace/CST336/homework2/inc/functions.php on line 57
[30-Jun-2018 06:15:50 UTC] PHP Stack trace:
[30-Jun-2018 06:15:50 UTC] PHP   1. {main}() /home/ubuntu/workspace/CST336/homework2/index.php:0
[30-Jun-2018 06:15:50 UTC] PHP   2. play() /home/ubuntu/workspace/CST336/homework2/index.php:23
[30-Jun-2018 06:15:50 UTC] PHP   3. displayPoints() /home/ubuntu/workspace/CST336/homework2/inc/functions.php:40
[30-Jun-2018 06:15:50 UTC] PHP Warning:  Missing argument 3 for displayPoints(), called in /home/ubuntu/workspace/CST336/homework2/inc/functions.php on line 40 and defined in /home/ubuntu/workspace/CST336/homework2/inc/functions.php on line 57
[30-Jun-2018 06:15:50 UTC] PHP Stack trace:
[30-Jun-2018 06:15:50 UTC] PHP   1. {main}() /home/ubuntu/workspace/CST336/homework2/index.php:0
[30-Jun-2018 06:15:50 UTC] PHP   2. play() /home/ubuntu/workspace/CST336/homework2/index.php:23
[30-Jun-2018 06:15:50 UTC] PHP   3. displayPoints() /home/ubuntu/workspace/CST336/homework2/inc/functions.php:40
[30-Jun-2018 06:15:51 UTC] PHP Warning:  Missing argument 2 for displayPoints(), called in /home/ubuntu/workspace/CST336/homework2/inc/functions.php on line 40 and defined in /home/ubuntu/workspace/CST336/homework2/inc/functions.php on line 57
[30-Jun-2018 06:15:51 UTC] PHP Stack trace:
[30-Jun-2018 06:15:51 UTC] PHP   1. {main}() /home/ubuntu/workspace/CST336/homework2/index.php:0
[30-Jun-2018 06:15:51 UTC] PHP   2. play() /home/ubuntu/workspace/CST336/homework2/index.php:23
[30-Jun-2018 06:15:51 UTC] PHP   3. displayPoints() /home/ubuntu/workspace/CST336/homework2/inc/functions.php:40
[30-Jun-2018 06:15:51 UTC] PHP Warning:  Missing argument 3 for displayPoints(), called in /home/ubuntu/workspace/CST336/homework2/inc/functions.php on line 40 and defined in /home/ubuntu/workspace/CST336/homework2/inc/functions.php on line 57
[30-Jun-2018 06:15:51 UTC] PHP Stack trace:
[30-Jun-2018 06:15:51 UTC] PHP   1. {main}() /home/ubuntu/workspace/CST336/homework2/index.php:0
[30-Jun-2018 06:15:51 UTC] PHP   2. play() /home/ubuntu/workspace/CST336/homework2/index.php:23
[30-Jun-2018 06:15:51 UTC] PHP   3. displayPoints() /home/ubuntu/workspace/CST336/homework2/inc/functions.php:40
[30-Jun-2018 06:20:20 UTC] PHP Warning:  Missing argument 2 for displayPoints(), called in /home/ubuntu/workspace/CST336/homework2/inc/functions.php on line 41 and defined in /home/ubuntu/workspace/CST336/homework2/inc/functions.php on line 58
[30-Jun-2018 06:20:20 UTC] PHP Stack trace:
[30-Jun-2018 06:20:20 UTC] PHP   1. {main}() /home/ubuntu/workspace/CST336/homework2/index.php:0
[30-Jun-2018 06:20:20 UTC] PHP   2. play() /home/ubuntu/workspace/CST336/homework2/index.php:23
[30-Jun-2018 06:20:20 UTC] PHP   3. displayPoints() /home/ubuntu/workspace/CST336/homework2/inc/functions.php:41
[30-Jun-2018 06:20:20 UTC] PHP Warning:  Missing argument 3 for displayPoints(), called in /home/ubuntu/workspace/CST336/homework2/inc/functions.php on line 41 and defined in /home/ubuntu/workspace/CST336/homework2/inc/functions.php on line 58
[30-Jun-2018 06:20:20 UTC] PHP Stack trace:
[30-Jun-2018 06:20:20 UTC] PHP   1. {main}() /home/ubuntu/workspace/CST336/homework2/index.php:0
[30-Jun-2018 06:20:20 UTC] PHP   2. play() /home/ubuntu/workspace/CST336/homework2/index.php:23
[30-Jun-2018 06:20:20 UTC] PHP   3. displayPoints() /home/ubuntu/workspace/CST336/homework2/inc/functions.php:41
[30-Jun-2018 06:20:21 UTC] PHP Warning:  Missing argument 2 for displayPoints(), called in /home/ubuntu/workspace/CST336/homework2/inc/functions.php on line 41 and defined in /home/ubuntu/workspace/CST336/homework2/inc/functions.php on line 58
[30-Jun-2018 06:20:21 UTC] PHP Stack trace:
[30-Jun-2018 06:20:21 UTC] PHP   1. {main}() /home/ubuntu/workspace/CST336/homework2/index.php:0
[30-Jun-2018 06:20:21 UTC] PHP   2. play() /home/ubuntu/workspace/CST336/homework2/index.php:23
[30-Jun-2018 06:20:21 UTC] PHP   3. displayPoints() /home/ubuntu/workspace/CST336/homework2/inc/functions.php:41
[30-Jun-2018 06:20:21 UTC] PHP Warning:  Missing argument 3 for displayPoints(), called in /home/ubuntu/workspace/CST336/homework2/inc/functions.php on line 41 and defined in /home/ubuntu/workspace/CST336/homework2/inc/functions.php on line 58
[30-Jun-2018 06:20:21 UTC] PHP Stack trace:
[30-Jun-2018 06:20:21 UTC] PHP   1. {main}() /home/ubuntu/workspace/CST336/homework2/index.php:0
[30-Jun-2018 06:20:21 UTC] PHP   2. play() /home/ubuntu/workspace/CST336/homework2/index.php:23
[30-Jun-2018 06:20:21 UTC] PHP   3. displayPoints() /home/ubuntu/workspace/CST336/homework2/inc/functions.php:41
[30-Jun-2018 06:20:22 UTC] PHP Warning:  Missing argument 2 for displayPoints(), called in /home/ubuntu/workspace/CST336/homework2/inc/functions.php on line 41 and defined in /home/ubuntu/workspace/CST336/homework2/inc/functions.php on line 58
[30-Jun-2018 06:20:22 UTC] PHP Stack trace:
[30-Jun-2018 06:20:22 UTC] PHP   1. {main}() /home/ubuntu/workspace/CST336/homework2/index.php:0
[30-Jun-2018 06:20:22 UTC] PHP   2. play() /home/ubuntu/workspace/CST336/homework2/index.php:23
[30-Jun-2018 06:20:22 UTC] PHP   3. displayPoints() /home/ubuntu/workspace/CST336/homework2/inc/functions.php:41
[30-Jun-2018 06:20:22 UTC] PHP Warning:  Missing argument 3 for displayPoints(), called in /home/ubuntu/workspace/CST336/homework2/inc/functions.php on line 41 and defined in /home/ubuntu/workspace/CST336/homework2/inc/functions.php on line 58
[30-Jun-2018 06:20:22 UTC] PHP Stack trace:
[30-Jun-2018 06:20:22 UTC] PHP   1. {main}() /home/ubuntu/workspace/CST336/homework2/index.php:0
[30-Jun-2018 06:20:22 UTC] PHP   2. play() /home/ubuntu/workspace/CST336/homework2/index.php:23
[30-Jun-2018 06:20:22 UTC] PHP   3. displayPoints() /home/ubuntu/workspace/CST336/homework2/inc/functions.php:41
[30-Jun-2018 06:20:23 UTC] PHP Warning:  Missing argument 2 for displayPoints(), called in /home/ubuntu/workspace/CST336/homework2/inc/functions.php on line 41 and defined in /home/ubuntu/workspace/CST336/homework2/inc/functions.php on line 58
[30-Jun-2018 06:20:23 UTC] PHP Stack trace:
[30-Jun-2018 06:20:23 UTC] PHP   1. {main}() /home/ubuntu/workspace/CST336/homework2/index.php:0
[30-Jun-2018 06:20:23 UTC] PHP   2. play() /home/ubuntu/workspace/CST336/homework2/index.php:23
[30-Jun-2018 06:20:23 UTC] PHP   3. displayPoints() /home/ubuntu/workspace/CST336/homework2/inc/functions.php:41
[30-Jun-2018 06:20:23 UTC] PHP Warning:  Missing argument 3 for displayPoints(), called in /home/ubuntu/workspace/CST336/homework2/inc/functions.php on line 41 and defined in /home/ubuntu/workspace/CST336/homework2/inc/functions.php on line 58
[30-Jun-2018 06:20:23 UTC] PHP Stack trace:
[30-Jun-2018 06:20:23 UTC] PHP   1. {main}() /home/ubuntu/workspace/CST336/homework2/index.php:0
[30-Jun-2018 06:20:23 UTC] PHP   2. play() /home/ubuntu/workspace/CST336/homework2/index.php:23
[30-Jun-2018 06:20:23 UTC] PHP   3. displayPoints() /home/ubuntu/workspace/CST336/homework2/inc/functions.php:41
[30-Jun-2018 06:22:20 UTC] PHP Parse error:  syntax error, unexpected end of file in /home/ubuntu/workspace/CST336/homework2/inc/functions.php on line 79
[30-Jun-2018 06:22:20 UTC] PHP Stack trace:
[30-Jun-2018 06:22:20 UTC] PHP   1. {main}() /home/ubuntu/workspace/CST336/homework2/index.php:0
[30-Jun-2018 06:25:32 UTC] PHP Parse error:  syntax error, unexpected end of file in /home/ubuntu/workspace/CST336/homework2/inc/functions.php on line 80
[30-Jun-2018 06:25:32 UTC] PHP Stack trace:
[30-Jun-2018 06:25:32 UTC] PHP   1. {main}() /home/ubuntu/workspace/CST336/homework2/index.php:0
[30-Jun-2018 06:25:34 UTC] PHP Parse error:  syntax error, unexpected end of file in /home/ubuntu/workspace/CST336/homework2/inc/functions.php on line 80
[30-Jun-2018 06:25:34 UTC] PHP Stack trace:
[30-Jun-2018 06:25:34 UTC] PHP   1. {main}() /home/ubuntu/workspace/CST336/homework2/index.php:0
[30-Jun-2018 06:26:02 UTC] PHP Fatal error:  Call to undefined function play() in /home/ubuntu/workspace/CST336/homework2/index.php on line 23
[30-Jun-2018 06:26:02 UTC] PHP Stack trace:
[30-Jun-2018 06:26:02 UTC] PHP   1. {main}() /home/ubuntu/workspace/CST336/homework2/index.php:0
[30-Jun-2018 06:26:25 UTC] PHP Fatal error:  Call to undefined function play() in /home/ubuntu/workspace/CST336/homework2/index.php on line 23
[30-Jun-2018 06:26:25 UTC] PHP Stack trace:
[30-Jun-2018 06:26:25 UTC] PHP   1. {main}() /home/ubuntu/workspace/CST336/homework2/index.php:0
[30-Jun-2018 06:26:26 UTC] PHP Fatal error:  Call to undefined function play() in /home/ubuntu/workspace/CST336/homework2/index.php on line 23
[30-Jun-2018 06:26:26 UTC] PHP Stack trace:
[30-Jun-2018 06:26:26 UTC] PHP   1. {main}() /home/ubuntu/workspace/CST336/homework2/index.php:0
[30-Jun-2018 06:26:27 UTC] PHP Fatal error:  Call to undefined function play() in /home/ubuntu/workspace/CST336/homework2/index.php on line 23
[30-Jun-2018 06:26:27 UTC] PHP Stack trace:
[30-Jun-2018 06:26:27 UTC] PHP   1. {main}() /home/ubuntu/workspace/CST336/homework2/index.php:0
[30-Jun-2018 06:26:28 UTC] PHP Fatal error:  Call to undefined function play() in /home/ubuntu/workspace/CST336/homework2/index.php on line 23
[30-Jun-2018 06:26:28 UTC] PHP Stack trace:
[30-Jun-2018 06:26:28 UTC] PHP   1. {main}() /home/ubuntu/workspace/CST336/homework2/index.php:0
[30-Jun-2018 06:26:28 UTC] PHP Fatal error:  Call to undefined function play() in /home/ubuntu/workspace/CST336/homework2/index.php on line 23
[30-Jun-2018 06:26:28 UTC] PHP Stack trace:
[30-Jun-2018 06:26:28 UTC] PHP   1. {main}() /home/ubuntu/workspace/CST336/homework2/index.php:0
[30-Jun-2018 06:29:17 UTC] PHP Fatal error:  Call to undefined function displayPoints() in /home/ubuntu/workspace/CST336/homework2/inc/functions.php on line 48
[30-Jun-2018 06:29:17 UTC] PHP Stack trace:
[30-Jun-2018 06:29:17 UTC] PHP   1. {main}() /home/ubuntu/workspace/CST336/homework2/index.php:0
[30-Jun-2018 06:29:17 UTC] PHP   2. play() /home/ubuntu/workspace/CST336/homework2/index.php:23
[30-Jun-2018 06:38:10 UTC] PHP Fatal error:  Call to undefined function displayPoints() in /home/ubuntu/workspace/CST336/homework2/inc/functions.php on line 40
[30-Jun-2018 06:38:10 UTC] PHP Stack trace:
[30-Jun-2018 06:38:10 UTC] PHP   1. {main}() /home/ubuntu/workspace/CST336/homework2/index.php:0
[30-Jun-2018 06:38:10 UTC] PHP   2. play() /home/ubuntu/workspace/CST336/homework2/index.php:23
[30-Jun-2018 06:38:21 UTC] PHP Fatal error:  Call to undefined function displayPoints() in /home/ubuntu/workspace/CST336/homework2/inc/functions.php on line 40
[30-Jun-2018 06:38:21 UTC] PHP Stack trace:
[30-Jun-2018 06:38:21 UTC] PHP   1. {main}() /home/ubuntu/workspace/CST336/homework2/index.php:0
[30-Jun-2018 06:38:21 UTC] PHP   2. play() /home/ubuntu/workspace/CST336/homework2/index.php:23
[30-Jun-2018 06:38:21 UTC] PHP Fatal error:  Call to undefined function displayPoints() in /home/ubuntu/workspace/CST336/homework2/inc/functions.php on line 40
[30-Jun-2018 06:38:21 UTC] PHP Stack trace:
[30-Jun-2018 06:38:21 UTC] PHP   1. {main}() /home/ubuntu/workspace/CST336/homework2/index.php:0
[30-Jun-2018 06:38:21 UTC] PHP   2. play() /home/ubuntu/workspace/CST336/homework2/index.php:23
[30-Jun-2018 06:38:22 UTC] PHP Fatal error:  Call to undefined function displayPoints() in /home/ubuntu/workspace/CST336/homework2/inc/functions.php on line 40
[30-Jun-2018 06:38:22 UTC] PHP Stack trace:
[30-Jun-2018 06:38:22 UTC] PHP   1. {main}() /home/ubuntu/workspace/CST336/homework2/index.php:0
[30-Jun-2018 06:38:22 UTC] PHP   2. play() /home/ubuntu/workspace/CST336/homework2/index.php:23
[30-Jun-2018 06:38:23 UTC] PHP Fatal error:  Call to undefined function displayPoints() in /home/ubuntu/workspace/CST336/homework2/inc/functions.php on line 40
[30-Jun-2018 06:38:23 UTC] PHP Stack trace:
[30-Jun-2018 06:38:23 UTC] PHP   1. {main}() /home/ubuntu/workspace/CST336/homework2/index.php:0
[30-Jun-2018 06:38:23 UTC] PHP   2. play() /home/ubuntu/workspace/CST336/homework2/index.php:23
[30-Jun-2018 06:38:49 UTC] PHP Fatal error:  Call to undefined function displayPoints() in /home/ubuntu/workspace/CST336/homework2/inc/functions.php on line 40
[30-Jun-2018 06:38:49 UTC] PHP Stack trace:
[30-Jun-2018 06:38:49 UTC] PHP   1. {main}() /home/ubuntu/workspace/CST336/homework2/index.php:0
[30-Jun-2018 06:38:49 UTC] PHP   2. play() /home/ubuntu/workspace/CST336/homework2/index.php:23
[30-Jun-2018 06:38:51 UTC] PHP Fatal error:  Call to undefined function displayPoints() in /home/ubuntu/workspace/CST336/homework2/inc/functions.php on line 40
[30-Jun-2018 06:38:51 UTC] PHP Stack trace:
[30-Jun-2018 06:38:51 UTC] PHP   1. {main}() /home/ubuntu/workspace/CST336/homework2/index.php:0
[30-Jun-2018 06:38:51 UTC] PHP   2. play() /home/ubuntu/workspace/CST336/homework2/index.php:23
[30-Jun-2018 06:38:52 UTC] PHP Fatal error:  Call to undefined function displayPoints() in /home/ubuntu/workspace/CST336/homework2/inc/functions.php on line 40
[30-Jun-2018 06:38:52 UTC] PHP Stack trace:
[30-Jun-2018 06:38:52 UTC] PHP   1. {main}() /home/ubuntu/workspace/CST336/homework2/index.php:0
[30-Jun-2018 06:38:52 UTC] PHP   2. play() /home/ubuntu/workspace/CST336/homework2/index.php:23
[30-Jun-2018 06:38:52 UTC] PHP Fatal error:  Call to undefined function displayPoints() in /home/ubuntu/workspace/CST336/homework2/inc/functions.php on line 40
[30-Jun-2018 06:38:52 UTC] PHP Stack trace:
[30-Jun-2018 06:38:52 UTC] PHP   1. {main}() /home/ubuntu/workspace/CST336/homework2/index.php:0
[30-Jun-2018 06:38:52 UTC] PHP   2. play() /home/ubuntu/workspace/CST336/homework2/index.php:23
