[01-Aug-2018 06:09:22 UTC] PHP Warning:  mysql_num_rows() expects parameter 1 to be resource, boolean given in /home/ubuntu/workspace/CST336/final/practice/program1.php on line 21
[01-Aug-2018 06:09:22 UTC] PHP Stack trace:
[01-Aug-2018 06:09:22 UTC] PHP   1. {main}() /home/ubuntu/workspace/CST336/final/practice/program1.php:0
[01-Aug-2018 06:09:22 UTC] PHP   2. mysql_num_rows() /home/ubuntu/workspace/CST336/final/practice/program1.php:21
[01-Aug-2018 06:09:22 UTC] PHP Warning:  mysql_fetch_row() expects parameter 1 to be resource, boolean given in /home/ubuntu/workspace/CST336/final/practice/program1.php on line 25
[01-Aug-2018 06:09:22 UTC] PHP Stack trace:
[01-Aug-2018 06:09:22 UTC] PHP   1. {main}() /home/ubuntu/workspace/CST336/final/practice/program1.php:0
[01-Aug-2018 06:09:22 UTC] PHP   2. mysql_fetch_row() /home/ubuntu/workspace/CST336/final/practice/program1.php:25
[01-Aug-2018 06:13:28 UTC] PHP Warning:  array_push() expects parameter 1 to be array, null given in /home/ubuntu/workspace/CST336/final/practice/program1.php on line 68
[01-Aug-2018 06:13:28 UTC] PHP Stack trace:
[01-Aug-2018 06:13:28 UTC] PHP   1. {main}() /home/ubuntu/workspace/CST336/final/practice/program1.php:0
[01-Aug-2018 06:13:28 UTC] PHP   2. displayTable() /home/ubuntu/workspace/CST336/final/practice/program1.php:187
[01-Aug-2018 06:13:28 UTC] PHP   3. array_push() /home/ubuntu/workspace/CST336/final/practice/program1.php:68
[01-Aug-2018 06:13:43 UTC] PHP Warning:  array_push() expects parameter 1 to be array, null given in /home/ubuntu/workspace/CST336/final/practice/program1.php on line 68
[01-Aug-2018 06:13:43 UTC] PHP Stack trace:
[01-Aug-2018 06:13:43 UTC] PHP   1. {main}() /home/ubuntu/workspace/CST336/final/practice/program1.php:0
[01-Aug-2018 06:13:43 UTC] PHP   2. displayTable() /home/ubuntu/workspace/CST336/final/practice/program1.php:187
[01-Aug-2018 06:13:43 UTC] PHP   3. array_push() /home/ubuntu/workspace/CST336/final/practice/program1.php:68
[01-Aug-2018 06:21:37 UTC] PHP Warning:  mysql_num_rows() expects parameter 1 to be resource, boolean given in /home/ubuntu/workspace/CST336/final/practice/program1.php on line 18
[01-Aug-2018 06:21:37 UTC] PHP Stack trace:
[01-Aug-2018 06:21:37 UTC] PHP   1. {main}() /home/ubuntu/workspace/CST336/final/practice/program1.php:0
[01-Aug-2018 06:21:37 UTC] PHP   2. mysql_num_rows() /home/ubuntu/workspace/CST336/final/practice/program1.php:18
[01-Aug-2018 06:21:37 UTC] PHP Warning:  mysql_fetch_row() expects parameter 1 to be resource, boolean given in /home/ubuntu/workspace/CST336/final/practice/program1.php on line 21
[01-Aug-2018 06:21:37 UTC] PHP Stack trace:
[01-Aug-2018 06:21:37 UTC] PHP   1. {main}() /home/ubuntu/workspace/CST336/final/practice/program1.php:0
[01-Aug-2018 06:21:37 UTC] PHP   2. mysql_fetch_row() /home/ubuntu/workspace/CST336/final/practice/program1.php:21
[01-Aug-2018 06:21:52 UTC] PHP Warning:  mysql_num_rows() expects parameter 1 to be resource, boolean given in /home/ubuntu/workspace/CST336/final/practice/program1.php on line 18
[01-Aug-2018 06:21:52 UTC] PHP Stack trace:
[01-Aug-2018 06:21:52 UTC] PHP   1. {main}() /home/ubuntu/workspace/CST336/final/practice/program1.php:0
[01-Aug-2018 06:21:52 UTC] PHP   2. mysql_num_rows() /home/ubuntu/workspace/CST336/final/practice/program1.php:18
[01-Aug-2018 06:21:52 UTC] PHP Warning:  mysql_fetch_row() expects parameter 1 to be resource, boolean given in /home/ubuntu/workspace/CST336/final/practice/program1.php on line 21
[01-Aug-2018 06:21:52 UTC] PHP Stack trace:
[01-Aug-2018 06:21:52 UTC] PHP   1. {main}() /home/ubuntu/workspace/CST336/final/practice/program1.php:0
[01-Aug-2018 06:21:52 UTC] PHP   2. mysql_fetch_row() /home/ubuntu/workspace/CST336/final/practice/program1.php:21
[01-Aug-2018 06:22:19 UTC] PHP Warning:  mysql_num_rows() expects parameter 1 to be resource, boolean given in /home/ubuntu/workspace/CST336/final/practice/program1.php on line 18
[01-Aug-2018 06:22:19 UTC] PHP Stack trace:
[01-Aug-2018 06:22:19 UTC] PHP   1. {main}() /home/ubuntu/workspace/CST336/final/practice/program1.php:0
[01-Aug-2018 06:22:19 UTC] PHP   2. mysql_num_rows() /home/ubuntu/workspace/CST336/final/practice/program1.php:18
[01-Aug-2018 06:22:19 UTC] PHP Warning:  mysql_fetch_row() expects parameter 1 to be resource, boolean given in /home/ubuntu/workspace/CST336/final/practice/program1.php on line 21
[01-Aug-2018 06:22:19 UTC] PHP Stack trace:
[01-Aug-2018 06:22:19 UTC] PHP   1. {main}() /home/ubuntu/workspace/CST336/final/practice/program1.php:0
[01-Aug-2018 06:22:19 UTC] PHP   2. mysql_fetch_row() /home/ubuntu/workspace/CST336/final/practice/program1.php:21
[01-Aug-2018 06:23:12 UTC] PHP Warning:  mysql_num_rows() expects parameter 1 to be resource, boolean given in /home/ubuntu/workspace/CST336/final/practice/program1.php on line 18
[01-Aug-2018 06:23:12 UTC] PHP Stack trace:
[01-Aug-2018 06:23:12 UTC] PHP   1. {main}() /home/ubuntu/workspace/CST336/final/practice/program1.php:0
[01-Aug-2018 06:23:12 UTC] PHP   2. mysql_num_rows() /home/ubuntu/workspace/CST336/final/practice/program1.php:18
[01-Aug-2018 06:23:12 UTC] PHP Warning:  mysql_fetch_row() expects parameter 1 to be resource, boolean given in /home/ubuntu/workspace/CST336/final/practice/program1.php on line 21
[01-Aug-2018 06:23:12 UTC] PHP Stack trace:
[01-Aug-2018 06:23:12 UTC] PHP   1. {main}() /home/ubuntu/workspace/CST336/final/practice/program1.php:0
[01-Aug-2018 06:23:12 UTC] PHP   2. mysql_fetch_row() /home/ubuntu/workspace/CST336/final/practice/program1.php:21
[02-Aug-2018 04:17:14 UTC] PHP Warning:  include(../../dbConnection.php): failed to open stream: No such file or directory in /home/ubuntu/workspace/CST336/final/practice/checkUser.php on line 2
[02-Aug-2018 04:17:14 UTC] PHP Stack trace:
[02-Aug-2018 04:17:14 UTC] PHP   1. {main}() /home/ubuntu/workspace/CST336/final/practice/checkUser.php:0
[02-Aug-2018 04:17:14 UTC] PHP Warning:  include(): Failed opening '../../dbConnection.php' for inclusion (include_path='.:/usr/share/php:/usr/share/pear') in /home/ubuntu/workspace/CST336/final/practice/checkUser.php on line 2
[02-Aug-2018 04:17:14 UTC] PHP Stack trace:
[02-Aug-2018 04:17:14 UTC] PHP   1. {main}() /home/ubuntu/workspace/CST336/final/practice/checkUser.php:0
[02-Aug-2018 04:17:14 UTC] PHP Fatal error:  Call to undefined function getDatabaseConnection() in /home/ubuntu/workspace/CST336/final/practice/checkUser.php on line 3
[02-Aug-2018 04:17:14 UTC] PHP Stack trace:
[02-Aug-2018 04:17:14 UTC] PHP   1. {main}() /home/ubuntu/workspace/CST336/final/practice/checkUser.php:0
[02-Aug-2018 04:18:47 UTC] PHP Warning:  include(../../dbConnection.php): failed to open stream: No such file or directory in /home/ubuntu/workspace/CST336/final/practice/checkUser.php on line 2
[02-Aug-2018 04:18:47 UTC] PHP Stack trace:
[02-Aug-2018 04:18:47 UTC] PHP   1. {main}() /home/ubuntu/workspace/CST336/final/practice/checkUser.php:0
[02-Aug-2018 04:18:47 UTC] PHP Warning:  include(): Failed opening '../../dbConnection.php' for inclusion (include_path='.:/usr/share/php:/usr/share/pear') in /home/ubuntu/workspace/CST336/final/practice/checkUser.php on line 2
[02-Aug-2018 04:18:47 UTC] PHP Stack trace:
[02-Aug-2018 04:18:47 UTC] PHP   1. {main}() /home/ubuntu/workspace/CST336/final/practice/checkUser.php:0
[02-Aug-2018 04:18:47 UTC] PHP Fatal error:  Call to undefined function getDatabaseConnection() in /home/ubuntu/workspace/CST336/final/practice/checkUser.php on line 3
[02-Aug-2018 04:18:47 UTC] PHP Stack trace:
[02-Aug-2018 04:18:47 UTC] PHP   1. {main}() /home/ubuntu/workspace/CST336/final/practice/checkUser.php:0
[02-Aug-2018 04:54:17 UTC] PHP Fatal error:  Call to undefined function logedIn() in /home/ubuntu/workspace/CST336/final/practice/index.php on line 18
[02-Aug-2018 04:54:17 UTC] PHP Stack trace:
[02-Aug-2018 04:54:17 UTC] PHP   1. {main}() /home/ubuntu/workspace/CST336/final/practice/index.php:0
[02-Aug-2018 04:54:44 UTC] PHP Fatal error:  Call to undefined function logedIn() in /home/ubuntu/workspace/CST336/final/practice/index.php on line 18
[02-Aug-2018 04:54:44 UTC] PHP Stack trace:
[02-Aug-2018 04:54:44 UTC] PHP   1. {main}() /home/ubuntu/workspace/CST336/final/practice/index.php:0
[02-Aug-2018 05:03:51 UTC] PHP Warning:  mysql_connect(): Access denied for user 'root'@'localhost' (using password: YES) in /home/ubuntu/workspace/CST336/final/practice/checkLogin.php on line 8
[02-Aug-2018 05:03:51 UTC] PHP Stack trace:
[02-Aug-2018 05:03:51 UTC] PHP   1. {main}() /home/ubuntu/workspace/CST336/final/practice/checkLogin.php:0
[02-Aug-2018 05:03:51 UTC] PHP   2. mysql_connect() /home/ubuntu/workspace/CST336/final/practice/checkLogin.php:8
[02-Aug-2018 05:10:59 UTC] PHP Warning:  mysql_connect(): Access denied for user 'root'@'localhost' (using password: YES) in /home/ubuntu/workspace/CST336/final/practice/checkLogin.php on line 8
[02-Aug-2018 05:10:59 UTC] PHP Stack trace:
[02-Aug-2018 05:10:59 UTC] PHP   1. {main}() /home/ubuntu/workspace/CST336/final/practice/checkLogin.php:0
[02-Aug-2018 05:10:59 UTC] PHP   2. mysql_connect() /home/ubuntu/workspace/CST336/final/practice/checkLogin.php:8
[02-Aug-2018 05:11:26 UTC] PHP Fatal error:  Uncaught exception 'PDOException' with message 'SQLSTATE[42S02]: Base table or view not found: 1146 Table 'final_exam.users' doesn't exist' in /home/ubuntu/workspace/CST336/final/practice/verifyUser.php:14
Stack trace:
#0 /home/ubuntu/workspace/CST336/final/practice/verifyUser.php(14): PDOStatement->execute(Array)
#1 {main}
  thrown in /home/ubuntu/workspace/CST336/final/practice/verifyUser.php on line 14
[02-Aug-2018 05:12:52 UTC] PHP Warning:  mysql_connect(): Access denied for user 'root'@'localhost' (using password: YES) in /home/ubuntu/workspace/CST336/final/practice/checkLogin.php on line 8
[02-Aug-2018 05:12:52 UTC] PHP Stack trace:
[02-Aug-2018 05:12:52 UTC] PHP   1. {main}() /home/ubuntu/workspace/CST336/final/practice/checkLogin.php:0
[02-Aug-2018 05:12:52 UTC] PHP   2. mysql_connect() /home/ubuntu/workspace/CST336/final/practice/checkLogin.php:8
[02-Aug-2018 05:17:46 UTC] PHP Fatal error:  Uncaught exception 'PDOException' with message 'SQLSTATE[42S02]: Base table or view not found: 1146 Table 'final_exam.users' doesn't exist' in /home/ubuntu/workspace/CST336/final/practice/verifyUser.php:14
Stack trace:
#0 /home/ubuntu/workspace/CST336/final/practice/verifyUser.php(14): PDOStatement->execute(Array)
#1 {main}
  thrown in /home/ubuntu/workspace/CST336/final/practice/verifyUser.php on line 14
